  IDatabase.cpp
  Lesson7.cpp
  MockDatabase.cpp
  UserManager.cpp
Lesson7.obj : error LNK2001: unresolved external symbol "private: static void __cdecl testing::Mock::UnregisterLocked(class testing::internal::UntypedFunctionMockerBase *)" (?UnregisterLocked@Mock@testing@@CAXPEAVUntypedFunctionMockerBase@internal@2@@Z)
Lesson7.obj : error LNK2001: unresolved external symbol "private: static void __cdecl testing::Mock::RegisterUseByOnCallOrExpectCall(void const *,char const *,int)" (?RegisterUseByOnCallOrExpectCall@Mock@testing@@CAXPEBXPEBDH@Z)
Lesson7.obj : error LNK2001: unresolved external symbol "private: static enum testing::internal::CallReaction __cdecl testing::Mock::GetReactionOnUninterestingCalls(void const *)" (?GetReactionOnUninterestingCalls@Mock@testing@@CA?AW4CallReaction@internal@2@PEBX@Z)
Lesson7.obj : error LNK2001: unresolved external symbol "protected: void __cdecl testing::internal::ExpectationBase::CheckActionCountIfNotDone(void)const " (?CheckActionCountIfNotDone@ExpectationBase@internal@testing@@IEBAXXZ)
Lesson7.obj : error LNK2001: unresolved external symbol "protected: void __cdecl testing::internal::ExpectationBase::FindUnsatisfiedPrerequisites(class testing::ExpectationSet *)const " (?FindUnsatisfiedPrerequisites@ExpectationBase@internal@testing@@IEBAXPEAVExpectationSet@3@@Z)
Lesson7.obj : error LNK2001: unresolved external symbol "protected: bool __cdecl testing::internal::ExpectationBase::AllPrerequisitesAreSatisfied(void)const " (?AllPrerequisitesAreSatisfied@ExpectationBase@internal@testing@@IEBA_NXZ)
Lesson7.obj : error LNK2001: unresolved external symbol "protected: void __cdecl testing::internal::ExpectationBase::RetireAllPreRequisites(void)" (?RetireAllPreRequisites@ExpectationBase@internal@testing@@IEAAXXZ)
Lesson7.obj : error LNK2001: unresolved external symbol "public: void __cdecl testing::internal::ExpectationBase::DescribeCallCountTo(class std::basic_ostream<char,struct std::char_traits<char> > *)const " (?DescribeCallCountTo@ExpectationBase@internal@testing@@QEBAXPEAV?$basic_ostream@DU?$char_traits@D@std@@@std@@@Z)
Lesson7.obj : error LNK2001: unresolved external symbol "public: virtual __cdecl testing::internal::ExpectationBase::~ExpectationBase(void)" (??1ExpectationBase@internal@testing@@UEAA@XZ)
Lesson7.obj : error LNK2001: unresolved external symbol "public: __cdecl testing::internal::ExpectationBase::ExpectationBase(char const *,int,class std::basic_string<char,struct std::char_traits<char>,class std::allocator<char> > const &)" (??0ExpectationBase@internal@testing@@QEAA@PEBDHAEBV?$basic_string@DU?$char_traits@D@std@@V?$allocator@D@2@@std@@@Z)
Lesson7.obj : error LNK2001: unresolved external symbol "class testing::internal::FailureReporterInterface * __cdecl testing::internal::GetFailureReporter(void)" (?GetFailureReporter@internal@testing@@YAPEAVFailureReporterInterface@12@XZ)
Lesson7.obj : error LNK2001: unresolved external symbol "void __cdecl testing::internal::Log(enum testing::internal::LogSeverity,class std::basic_string<char,struct std::char_traits<char>,class std::allocator<char> > const &,int)" (?Log@internal@testing@@YAXW4LogSeverity@12@AEBV?$basic_string@DU?$char_traits@D@std@@V?$allocator@D@2@@std@@H@Z)
Lesson7.obj : error LNK2001: unresolved external symbol "bool __cdecl testing::internal::LogIsVisible(enum testing::internal::LogSeverity)" (?LogIsVisible@internal@testing@@YA_NW4LogSeverity@12@@Z)
Lesson7.obj : error LNK2001: unresolved external symbol "protected: class testing::Expectation __cdecl testing::internal::UntypedFunctionMockerBase::GetHandleOf(class testing::internal::ExpectationBase *)" (?GetHandleOf@UntypedFunctionMockerBase@internal@testing@@IEAA?AVExpectation@3@PEAVExpectationBase@23@@Z)
Lesson7.obj : error LNK2001: unresolved external symbol "public: char const * __cdecl testing::internal::UntypedFunctionMockerBase::Name(void)const " (?Name@UntypedFunctionMockerBase@internal@testing@@QEBAPEBDXZ)
Lesson7.obj : error LNK2001: unresolved external symbol "public: void const * __cdecl testing::internal::UntypedFunctionMockerBase::MockObject(void)const " (?MockObject@UntypedFunctionMockerBase@internal@testing@@QEBAPEBXXZ)
Lesson7.obj : error LNK2001: unresolved external symbol "public: void __cdecl testing::internal::UntypedFunctionMockerBase::SetOwnerAndName(void const *,char const *)" (?SetOwnerAndName@UntypedFunctionMockerBase@internal@testing@@QEAAXPEBXPEBD@Z)
Lesson7.obj : error LNK2001: unresolved external symbol "public: void __cdecl testing::internal::UntypedFunctionMockerBase::RegisterOwner(void const *)" (?RegisterOwner@UntypedFunctionMockerBase@internal@testing@@QEAAXPEBX@Z)
Lesson7.obj : error LNK2001: unresolved external symbol "public: bool __cdecl testing::internal::UntypedFunctionMockerBase::VerifyAndClearExpectationsLocked(void)" (?VerifyAndClearExpectationsLocked@UntypedFunctionMockerBase@internal@testing@@QEAA_NXZ)
Lesson7.obj : error LNK2001: unresolved external symbol "public: virtual __cdecl testing::internal::UntypedFunctionMockerBase::~UntypedFunctionMockerBase(void)" (??1UntypedFunctionMockerBase@internal@testing@@UEAA@XZ)
Lesson7.obj : error LNK2001: unresolved external symbol "public: __cdecl testing::internal::UntypedFunctionMockerBase::UntypedFunctionMockerBase(void)" (??0UntypedFunctionMockerBase@internal@testing@@QEAA@XZ)
Lesson7.obj : error LNK2001: unresolved external symbol "class testing::internal::Mutex testing::internal::g_gmock_mutex" (?g_gmock_mutex@internal@testing@@3VMutex@12@A)
Lesson7.obj : error LNK2001: unresolved external symbol "class testing::internal::ThreadLocal<class testing::Sequence *> testing::internal::g_gmock_implicit_sequence" (?g_gmock_implicit_sequence@internal@testing@@3V?$ThreadLocal@PEAVSequence@testing@@@12@A)
Lesson7.obj : error LNK2001: unresolved external symbol "void __cdecl testing::internal::IllegalDoDefault(char const *,int)" (?IllegalDoDefault@internal@testing@@YAXPEBDH@Z)
Lesson7.obj : error LNK2001: unresolved external symbol "class testing::internal::WithoutMatchers __cdecl testing::internal::GetWithoutMatchers(void)" (?GetWithoutMatchers@internal@testing@@YA?AVWithoutMatchers@12@XZ)
Lesson7.obj : error LNK2001: unresolved external symbol "void __cdecl testing::internal::ReportUninterestingCall(enum testing::internal::CallReaction,class std::basic_string<char,struct std::char_traits<char>,class std::allocator<char> > const &)" (?ReportUninterestingCall@internal@testing@@YAXW4CallReaction@12@AEBV?$basic_string@DU?$char_traits@D@std@@V?$allocator@D@2@@std@@@Z)
Lesson7.obj : error LNK2001: unresolved external symbol "void __cdecl testing::internal::LogWithLocation(enum testing::internal::LogSeverity,char const *,int,class std::basic_string<char,struct std::char_traits<char>,class std::allocator<char> > const &)" (?LogWithLocation@internal@testing@@YAXW4LogSeverity@12@PEBDHAEBV?$basic_string@DU?$char_traits@D@std@@V?$allocator@D@2@@std@@@Z)
Lesson7.obj : error LNK2001: unresolved external symbol "class testing::Cardinality __cdecl testing::Exactly(int)" (?Exactly@testing@@YA?AVCardinality@1@H@Z)
Lesson7.obj : error LNK2001: unresolved external symbol "public: void __cdecl testing::Sequence::AddExpectation(class testing::Expectation const &)const " (?AddExpectation@Sequence@testing@@QEBAXAEBVExpectation@2@@Z)
Lesson7.obj : error LNK2001: unresolved external symbol "public: __cdecl testing::Expectation::~Expectation(void)" (??1Expectation@testing@@QEAA@XZ)
Lesson7.obj : error LNK2001: unresolved external symbol "private: __cdecl testing::Expectation::Expectation(class std::shared_ptr<class testing::internal::ExpectationBase> const &)" (??0Expectation@testing@@AEAA@AEBV?$shared_ptr@VExpectationBase@internal@testing@@@std@@@Z)
E:\Programming\Code\C++\projects\The-GoogleTest-Tutorials\GoogleTest\x64\Release\Lesson7.exe : fatal error LNK1120: 31 unresolved externals
